[Bootstrap]
SetupTitle=Install
SetupText=Copying Files, please stand by.
CabFile=Compliance.CAB
Spawn=Setup1.exe
Uninstal=st6unst.exe
TmpDir=msftqws.pdw
Cabs=1

[Bootstrap Files]
File1=@Vb6stkit.dll,$(WinSysPathSysFile),,,3/26/99 12:00:00 AM,101888,6.0.84.50
File2=@COMCAT.DLL,$(WinSysPathSysFile),$(DLLSelfRegister),,5/31/98 12:00:00 AM,22288,4.71.1460.1
File3=@stdole2.tlb,$(WinSysPathSysFile),$(TLBRegister),,7/13/09 8:43:53 PM,16896,6.1.7600.16385
File4=@asycfilt.dll,$(WinSysPathSysFile),,,2/3/16 3:43:12 PM,67584,6.1.7601.19144
File5=@olepro32.dll,$(WinSysPathSysFile),$(DLLSelfRegister),,11/20/10 9:20:49 AM,90112,6.1.7601.17514
File6=@oleaut32.dll,$(WinSysPathSysFile),$(DLLSelfRegister),,2/3/16 3:49:27 PM,572416,6.1.7601.19144
File7=@msvbvm60.dll,$(WinSysPathSysFile),$(DLLSelfRegister),,7/13/09 10:15:50 PM,1386496,6.0.98.15

[IconGroups]
Group0=Project2
PrivateGroup0=True
Parent0=$(Programs)

[Project2]
Icon1="Compliance.exe"
Title1=Project2
StartIn1=$(AppPath)

[Setup]
Title=Project2
DefaultDir=$(ProgramFiles)\Project1
AppExe=Compliance.exe
AppToUninstall=Compliance.exe

[Setup1 Files]
File1=@MSCHRT20.OCX,$(WinSysPath),$(DLLSelfRegister),$(Shared),6/26/98 12:00:00 AM,1008432,6.0.81.77
File2=@mscomct2.ocx,$(WinSysPath),$(DLLSelfRegister),$(Shared),3/9/04 5:45:42 PM,662288,6.1.97.82
File3=@MSCOMCTL.OCX,$(WinSysPath),$(DLLSelfRegister),$(Shared),12/9/15 6:58:16 PM,1070232,6.1.98.46
File4=@FM20.DLL,$(WinSysPath),$(DLLSelfRegister),$(Shared),6/17/15 1:01:52 AM,1202856,12.0.6723.5000
File5=@msflxgrd.ocx,$(WinSysPath),$(DLLSelfRegister),$(Shared),5/22/00 8:58:12 AM,244416,6.0.84.18
File6=@msxml6.dll,$(WinSysPath),$(DLLSelfRegister),$(Shared),7/14/15 11:55:45 PM,1390592,6.30.7601.18923
File7=@msadox.dll,$(WinSysPath),$(DLLSelfRegister),$(Shared),6/6/12 2:05:33 AM,372736,6.1.7601.17857
File8=@ACEDAO.DLL,$(WinSysPath),,$(Shared),8/31/11 3:52:34 AM,571320,12.0.6650.5000
File9=@Compliance.exe,$(AppPath),,,5/4/16 3:44:43 PM,1007616,1.0.0.0

; The following lines may be deleted in order to obtain extra 
; space for customizing this file on a full installation diskette.
; 
; XXXXXXXXXXXXXXXXXXXXXXXXXXXXXXXXXXXXXXXXXXXXXXXXXXXXXXXXXXXX
; XXXXXXXXXXXXXXXXXXXXXXXXXXXXXXXXXXXXXXXXXXXXXXXXXXXXXXXXXXXX
; XXXXXXXXXXXXXXXXXXXXXXXXXXXXXXXXXXXXXXXXXXXXXXXXXXXXXXXXXXXX
; XXXXXXXXXXXXXXXXXXXXXXXXXXXXXXXXXXXXXXXXXXXXXXXXXXXXXXXXXXXX
; XXXXXXXXXXXXXXXXXXXXXXXXXXXXXXXXXXXXXXXXXXXXXXXXXXXXXXXXXXXX
; XXXXXXXXXXXXXXXXXXXXXXXXXXXXXXXXXXXXXXXXXXXXXXXXXXXXXXXXXXXX
; XXXXXXXXXXXXXXXXXXXXXXXXXXXXXXXXXXXXXXXXXXXXXXXXXXXXXXXXXXXX
; XXXXXXXXXXXXXXXXXXXXXXXXXXXXXXXXXXXXXXXXXXXXXXXXXXXXXXXXXXXX
; XXXXXXXXXXXXXXXXXXXXXXXXXXXXXXXXXXXXXXXXXXXXXXXXXXXXXXXXXXXX
; XXXXXXXXXXXXXXXXXXXXXXXXXXXXXXXXXXXXXXXXXXXXXXXXXXXXXXXXXXXX
; XXXXXXXXXXXXXXXXXXXXXXXXXXXXXXXXXXXXXXXXXXXXXXXXXXXXXXXXXXXX
; XXXXXXXXXXXXXXXXXXXXXXXXXXXXXXXXXXXXXXXXXXXXXXXXXXXXXXXXXXXX
; XXXXXXXXXXXXXXXXXXXXXXXXXXXXXXXXXXXXXXXXXXXXXXXXXXXXXXXXXXXX
; XXXXXXXXXXXXXXXXXXXXXXXXXXXXXXXXXXXXXXXXXXXXXXXXXXXXXXXXXXXX
; XXXXXXXXXXXXXXXXXXXXXXXXXXXXXXXXXXXXXXXXXXXXXXXXXXXXXXXXXXXX
; XXXXXXXXXXXXXXXXXXXXXXXXXXXXXXXXXXXXXXXXXXXXXXXXXXXXXXXXXXXX
; XXXXXXXXXXXXXXXXXXXXXXXXXXXXXXXXXXXXXXXXXXXXXXXXXXXXXXXXXXXX
; XXXXXXXXXXXXXXXXXXXXXXXXXXXXXXXXXXXXXXXXXXXXXXXXXXXXXXXXXXXX
; XXXXXXXXXXXXXXXXXXXXXXXXXXXXXXXXXXXXXXXXXXXXXXXXXXXXXXXXXXXX
; XXXXXXXXXXXXXXXXXXXXXXXXXXXXXXXXXXXXXXXXXXXXXXXXXXXXXXXXXXXX
; XXXXXXXXXXXXXXXXXXXXXXXXXXXXXXXXXXXXXXXXXXXXXXXXXXXXXXXXXXXX
; XXXXXXXXXXXXXXXXXXXXXXXXXXXXXXXXXXXXXXXXXXXXXXXXXXXXXXXXXXXX
; XXXXXXXXXXXXXXXXXXXXXXXXXXXXXXXXXXXXXXXXXXXXXXXXXXXXXXXXXXXX
; XXXXXXXXXXXXXXXXXXXXXXXXXXXXXXXXXXXXXXXXXXXXXXXXXXXXXXXXXXXX
; XXXXXXXXXXXXXXXXXXXXXXXXXXXXXXXXXXXXXXXXXXXXXXXXXXXXXXXXXXXX
; XXXXXXXXXXXXXXXXXXXXXXXXXXXXXXXXXXXXXXXXXXXXXXXXXXXXXXXXXXXX
; XXXXXXXXXXXXXXXXXXXXXXXXXXXXXXXXXXXXXXXXXXXXXXXXXXXXXXXXXXXX
; XXXXXXXXXXXXXXXXXXXXXXXXXXXXXXXXXXXXXXXXXXXXXXXXXXXXXXXXXXXX
; XXXXXXXXXXXXXXXXXXXXXXXXXXXXXXXXXXXXXXXXXXXXXXXXXXXXXXXXXXXX
; XXXXXXXXXXXXXXXXXXXXXXXXXXXXXXXXXXXXXXXXXXXXXXXXXXXXXXXXXXXX
; XXXXXXXXXXXXXXXXXXXXXXXXXXXXXXXXXXXXXXXXXXXXXXXXXXXXXXXXXXXX
; XXXXXXXXXXXXXXXXXXXXXXXXXXXXXXXXXXXXXXXXXXXXXXXXXXXXXXXXXXXX
; XXXXXXXXXXXXXXXXXXXXXXXXXXXXXXXXXXXXXXXXXXXXXXXXXXXXXXXXXXXX
; XXXXXXXXXXXXXXXXXXXXXXXXXXXXXXXXXXXXXXXXXXXXXXXXXXXXXXXXXXXX
; XXXXXXXXXXXXXXXXXXXXXXXXXXXXXXXXXXXXXXXXXXXXXXXXXXXXXXXXXXXX
